10:38:54.943 [main] INFO  api.test.StoreTests - ********** Creating Order **********
10:38:59.870 [main] INFO  api.test.StoreTests - ********** Order Created**********
10:38:59.898 [main] INFO  api.test.StoreTests - ********** Fetching Order **********
10:39:02.260 [main] INFO  api.test.StoreTests - ********** Order Fetched **********
10:39:02.277 [main] INFO  api.test.StoreTests - ********** Deleting Order **********
10:39:04.340 [main] INFO  api.test.StoreTests - ********** Order Deleted **********
15:09:57.879 [main] INFO  api.test.StoreTests - ********** Creating Order **********
15:10:03.396 [main] INFO  api.test.StoreTests - ********** Order Created**********
15:10:03.414 [main] INFO  api.test.StoreTests - ********** Fetching Order **********
15:10:05.987 [main] INFO  api.test.StoreTests - ********** Order Fetched **********
15:10:05.993 [main] INFO  api.test.StoreTests - ********** Deleting Order **********
15:12:37.652 [main] INFO  api.test.StoreTests - ********** Creating Order **********
15:12:43.272 [main] INFO  api.test.StoreTests - ********** Order Created**********
15:12:43.291 [main] INFO  api.test.StoreTests - ********** Fetching Order **********
15:12:45.533 [main] INFO  api.test.StoreTests - ********** Deleting Order **********
15:13:26.481 [main] INFO  api.test.StoreTests - ********** Creating Order **********
15:13:32.116 [main] INFO  api.test.StoreTests - ********** Order Created**********
15:13:32.135 [main] INFO  api.test.StoreTests - ********** Fetching Order **********
15:13:34.590 [main] INFO  api.test.StoreTests - ********** Order Fetched **********
15:13:34.598 [main] INFO  api.test.StoreTests - ********** Deleting Order **********
15:14:18.482 [main] INFO  api.test.StoreTests - ********** Creating Order **********
15:14:22.736 [main] INFO  api.test.StoreTests - ********** Order Created**********
15:14:22.751 [main] INFO  api.test.StoreTests - ********** Fetching Order **********
15:14:24.334 [main] INFO  api.test.StoreTests - ********** Order Fetched **********
15:14:24.340 [main] INFO  api.test.StoreTests - ********** Deleting Order **********
15:14:25.907 [main] INFO  api.test.StoreTests - ********** Order Deleted **********
15:15:18.006 [main] INFO  api.test.StoreTests - ********** Creating Order **********
15:15:23.522 [main] INFO  api.test.StoreTests - ********** Order Created**********
15:15:23.543 [main] INFO  api.test.StoreTests - ********** Fetching Order **********
15:15:26.411 [main] INFO  api.test.StoreTests - ********** Deleting Order **********
15:15:29.331 [main] INFO  api.test.StoreTests - ********** Order Deleted **********
15:15:46.729 [main] INFO  api.test.StoreTests - ********** Creating Order **********
15:15:51.600 [main] INFO  api.test.StoreTests - ********** Order Created**********
15:15:51.616 [main] INFO  api.test.StoreTests - ********** Fetching Order **********
15:15:54.268 [main] INFO  api.test.StoreTests - ********** Deleting Order **********
15:15:57.714 [main] INFO  api.test.StoreTests - ********** Order Deleted **********
15:16:07.937 [main] INFO  api.test.StoreTests - ********** Creating Order **********
15:16:12.488 [main] INFO  api.test.StoreTests - ********** Order Created**********
15:16:12.506 [main] INFO  api.test.StoreTests - ********** Fetching Order **********
15:16:15.029 [main] INFO  api.test.StoreTests - ********** Order Fetched **********
15:16:15.045 [main] INFO  api.test.StoreTests - ********** Deleting Order **********
15:16:17.479 [main] INFO  api.test.StoreTests - ********** Order Deleted **********
15:24:13.163 [main] INFO  api.test.StoreTests2 - ********** Creating Order **********
15:24:18.179 [main] INFO  api.test.StoreTests2 - ********** Order Created**********
15:24:18.236 [main] INFO  api.test.StoreTests2 - ********** Fetching Order **********
15:24:20.697 [main] INFO  api.test.StoreTests2 - ********** Deleting Order **********
15:24:22.239 [main] INFO  api.test.StoreTests2 - ********** Order Deleted **********
15:24:32.096 [main] INFO  api.test.StoreTests2 - ********** Creating Order **********
15:24:36.663 [main] INFO  api.test.StoreTests2 - ********** Order Created**********
15:24:36.686 [main] INFO  api.test.StoreTests2 - ********** Fetching Order **********
15:24:39.419 [main] INFO  api.test.StoreTests2 - ********** Deleting Order **********
15:24:51.821 [main] INFO  api.test.StoreTests2 - ********** Creating Order **********
15:24:57.193 [main] INFO  api.test.StoreTests2 - ********** Order Created**********
15:24:57.220 [main] INFO  api.test.StoreTests2 - ********** Fetching Order **********
15:24:59.735 [main] INFO  api.test.StoreTests2 - ********** Order Fetched **********
15:24:59.754 [main] INFO  api.test.StoreTests2 - ********** Deleting Order **********
15:25:02.398 [main] INFO  api.test.StoreTests2 - ********** Order Deleted **********
15:38:57.882 [main] INFO  api.test.StoreTests - ********** Creating Order **********
15:39:02.297 [main] INFO  api.test.StoreTests - ********** Order Created**********
15:39:02.300 [main] INFO  api.test.StoreTests - ********** Fetching Order **********
15:39:05.605 [main] INFO  api.test.StoreTests - ********** Order Fetched **********
15:39:05.608 [main] INFO  api.test.StoreTests - ********** Deleting Order **********
15:39:07.991 [main] INFO  api.test.StoreTests - ********** Order Deleted **********
15:48:11.484 [main] INFO  api.test.StoreTests2 - ********** Creating Order **********
15:48:15.504 [main] INFO  api.test.StoreTests2 - ********** Order Created**********
15:48:15.525 [main] INFO  api.test.StoreTests2 - ********** Fetching Order **********
15:48:18.304 [main] INFO  api.test.StoreTests2 - ********** Order Fetched **********
15:48:18.311 [main] INFO  api.test.StoreTests2 - ********** Deleting Order **********
15:48:20.863 [main] INFO  api.test.StoreTests2 - ********** Order Deleted **********
19:23:35.736 [main] INFO  api.test.StoreTests2 - ********** Creating Order **********
19:23:42.032 [main] INFO  api.test.StoreTests2 - ********** Order Created**********
19:23:42.055 [main] INFO  api.test.StoreTests2 - ********** Fetching Order **********
19:23:44.976 [main] INFO  api.test.StoreTests2 - ********** Order Fetched **********
19:23:44.984 [main] INFO  api.test.StoreTests2 - ********** Deleting Order **********
19:25:00.925 [main] INFO  api.test.StoreTests2 - ********** Creating Order **********
19:25:05.739 [main] INFO  api.test.StoreTests2 - ********** Order Created**********
19:25:05.761 [main] INFO  api.test.StoreTests2 - ********** Fetching Order **********
19:25:07.409 [main] INFO  api.test.StoreTests2 - ********** Deleting Order **********
19:25:32.048 [main] INFO  api.test.StoreTests2 - ********** Creating Order **********
19:25:37.358 [main] INFO  api.test.StoreTests2 - ********** Order Created**********
19:25:37.382 [main] INFO  api.test.StoreTests2 - ********** Fetching Order **********
19:25:41.706 [main] INFO  api.test.StoreTests2 - ********** Deleting Order **********
19:25:59.128 [main] INFO  api.test.StoreTests2 - ********** Creating Order **********
19:26:04.251 [main] INFO  api.test.StoreTests2 - ********** Order Created**********
19:26:04.279 [main] INFO  api.test.StoreTests2 - ********** Fetching Order **********
19:26:05.888 [main] INFO  api.test.StoreTests2 - ********** Order Fetched **********
19:26:05.897 [main] INFO  api.test.StoreTests2 - ********** Deleting Order **********
19:26:08.102 [main] INFO  api.test.StoreTests2 - ********** Order Deleted **********
12:07:16.268 [main] INFO  api.test.StoreTests2 - ********** Creating Order **********
12:07:22.409 [main] INFO  api.test.StoreTests2 - ********** Order Created**********
12:07:22.434 [main] INFO  api.test.StoreTests2 - ********** Fetching Order **********
12:07:24.013 [main] INFO  api.test.StoreTests2 - ********** Order Fetched **********
12:07:24.018 [main] INFO  api.test.StoreTests2 - ********** Deleting Order **********
12:07:26.420 [main] INFO  api.test.StoreTests2 - ********** Order Deleted **********
